<?xml version="1.0" encoding="UTF-8"?>
<testng-results ignored="0" total="1" passed="1" failed="0" skipped="0">
  <reporter-output>
  </reporter-output>
  <suite started-at="2023-04-07T16:00:03 CDT" name="Default suite" finished-at="2023-04-07T16:00:05 CDT" duration-ms="1717">
    <groups>
    </groups>
    <test started-at="2023-04-07T16:00:03 CDT" name="Default test" finished-at="2023-04-07T16:00:05 CDT" duration-ms="1717">
      <class name="ApiRequests.StaticJsonFilesBooks">
        <test-method signature="addBook()[pri:0, instance:ApiRequests.StaticJsonFilesBooks@39529185]" started-at="2023-04-07T16:00:03 CDT" name="addBook" finished-at="2023-04-07T16:00:05 CDT" duration-ms="1691" status="PASS">
          <reporter-output>
          </reporter-output>
        </test-method> <!-- addBook -->
      </class> <!-- ApiRequests.StaticJsonFilesBooks -->
    </test> <!-- Default test -->
  </suite> <!-- Default suite -->
</testng-results>
